2016-09-04 00:07:23,226 :: INFO :: Export file: export/OriExport_Ori-RTL-Init
2016-09-04 00:07:23,255 :: INFO :: Export file: export/OriExport_Ori-RTL-Init_view_dir
2016-09-04 00:10:29,549 :: INFO :: Export file: export/OriExport_Ori-RTL-Init
2016-09-04 00:10:29,588 :: INFO :: Export file: export/OriExport_Ori-RTL-Init_view_dir
2016-09-04 00:10:48,232 :: INFO :: Export file: export/OriExport_Ori-RTL-Init
2016-09-04 00:10:48,256 :: INFO :: Export file: export/OriExport_Ori-RTL-Init_view_dir
2016-09-04 00:11:17,259 :: INFO :: Export file: export/OriExport_Ori-RTL-Init
2016-09-04 00:11:17,283 :: INFO :: Export file: export/OriExport_Ori-RTL-Init_view_dir
2016-09-04 00:11:52,913 :: INFO :: Export file: export/OriExport_Ori-RTL-Init
2016-09-04 00:11:52,938 :: INFO :: Export file: export/OriExport_Ori-RTL-Init_view_dir
2016-09-04 00:12:09,227 :: ERROR :: Exception: [Errno 2] No such file or directory: 'OriExport_Ori-RTL-Init.txt_'
2016-09-04 00:12:33,855 :: ERROR :: Exception: [Errno 2] No such file or directory: 'OriExport_Ori-RTL-Init.txt_'
2016-09-04 00:15:03,232 :: ERROR :: Exception: [Errno 2] No such file or directory: 'OriExport_Ori-RTL-Init.txt_'
2016-09-04 00:15:13,346 :: INFO :: Export file: export/OriExport_Ori-RTL-Init
2016-09-04 00:15:13,354 :: INFO :: ROS - matrix_rot (from Quaternion)
[[-0.66789107 -0.16177354  0.72646462  0.        ]
 [-0.74352474  0.18837927 -0.64162623  0.        ]
 [-0.03305273 -0.96868084 -0.24609946  0.        ]
 [ 0.          0.          0.          1.        ]]
2016-09-04 00:15:13,355 :: INFO :: ROS - matrix_rot (from Quaternion)
[[ -7.93999800e-01  -2.96411209e-02   6.07194962e-01   0.00000000e+00]
 [ -6.07917936e-01   3.81911121e-02  -7.93080842e-01   0.00000000e+00]
 [  3.18354316e-04  -9.98830738e-01  -4.83431044e-02   0.00000000e+00]
 [  0.00000000e+00   0.00000000e+00   0.00000000e+00   1.00000000e+00]]
2016-09-04 00:15:13,357 :: INFO :: ROS - matrix_rot (from Quaternion)
[[-0.84884869 -0.01555019  0.52840712  0.        ]
 [-0.52863393  0.02225706 -0.84855806  0.        ]
 [ 0.00143445 -0.99963134 -0.02711324  0.        ]
 [ 0.          0.          0.          1.        ]]
2016-09-04 00:15:13,358 :: INFO :: ROS - matrix_rot (from Quaternion)
[[-0.86133351 -0.00796002  0.50797758  0.        ]
 [-0.50803854  0.01113855 -0.86126232  0.        ]
 [ 0.00119753 -0.99990628 -0.013638    0.        ]
 [ 0.          0.          0.          1.        ]]
2016-09-04 00:15:13,359 :: INFO :: ROS - matrix_rot (from Quaternion)
[[ -8.49019834e-01  -5.44033507e-03   5.28332967e-01   0.00000000e+00]
 [ -5.28360163e-01   6.98850493e-03  -8.48991577e-01   0.00000000e+00]
 [  9.26541113e-04  -9.99960781e-01  -8.80783562e-03   0.00000000e+00]
 [  0.00000000e+00   0.00000000e+00   0.00000000e+00   1.00000000e+00]]
2016-09-04 00:15:13,361 :: INFO :: ROS - matrix_rot (from Quaternion)
[[ -8.49057137e-01  -2.85744286e-03   5.28293302e-01   0.00000000e+00]
 [ -5.28300808e-01   3.67638080e-03  -8.49049315e-01   0.00000000e+00]
 [  4.83902549e-04  -9.99989160e-01  -4.63104673e-03   0.00000000e+00]
 [  0.00000000e+00   0.00000000e+00   0.00000000e+00   1.00000000e+00]]
2016-09-04 00:15:13,361 :: INFO :: ROS - matrix_rot (from Quaternion)
[[ -8.63667022e-01   6.87725876e-04   5.04062300e-01   0.00000000e+00]
 [ -5.04062755e-01  -9.44204812e-04  -8.63666514e-01   0.00000000e+00]
 [ -1.18027761e-04  -9.99999318e-01   1.16213556e-03   0.00000000e+00]
 [  0.00000000e+00   0.00000000e+00   0.00000000e+00   1.00000000e+00]]
2016-09-04 00:15:13,362 :: INFO :: ROS - matrix_rot (from Quaternion)
[[-0.88418843  0.00478649  0.46710589  0.        ]
 [-0.46712921 -0.00679209 -0.88416298  0.        ]
 [-0.00105941 -0.99996548  0.00824139  0.        ]
 [ 0.          0.          0.          1.        ]]
2016-09-04 00:15:13,364 :: INFO :: ROS - matrix_rot (from Quaternion)
[[-0.89321032  0.01190833  0.44948139  0.        ]
 [-0.44962893 -0.01692934 -0.893055    0.        ]
 [-0.00302537 -0.99978577  0.02047579  0.        ]
 [ 0.          0.          0.          1.        ]]
2016-09-04 00:15:13,365 :: INFO :: ROS - matrix_rot (from Quaternion)
[[-0.89521357  0.0127941   0.44545367  0.        ]
 [-0.44562537 -0.0183673  -0.8950311   0.        ]
 [-0.00326933 -0.99974945  0.02214403  0.        ]
 [ 0.          0.          0.          1.        ]]
2016-09-04 00:15:13,367 :: INFO :: ROS - matrix_rot (from Quaternion)
[[-0.89903755  0.00946971  0.43776914  0.        ]
 [-0.43786458 -0.01380425 -0.89893495  0.        ]
 [-0.00246958 -0.99985987  0.01655699  0.        ]
 [ 0.          0.          0.          1.        ]]
2016-09-04 00:15:13,368 :: INFO :: ROS - matrix_rot (from Quaternion)
[[ -8.96642429e-01   1.90924963e-03   4.42751295e-01   0.00000000e+00]
 [ -4.42755164e-01  -2.80897265e-03  -8.96638151e-01   0.00000000e+00]
 [ -4.68229777e-04  -9.99994232e-01   3.36397419e-03   0.00000000e+00]
 [  0.00000000e+00   0.00000000e+00   0.00000000e+00   1.00000000e+00]]
2016-09-04 00:15:13,368 :: INFO :: ROS - matrix_rot (from Quaternion)
[[ -9.01243112e-01  -1.45882183e-03   4.33311348e-01   0.00000000e+00]
 [ -4.33313651e-01   2.19601119e-03  -9.01240510e-01   0.00000000e+00]
 [  3.63192764e-04  -9.99996525e-01  -2.61126738e-03   0.00000000e+00]
 [  0.00000000e+00   0.00000000e+00   0.00000000e+00   1.00000000e+00]]
2016-09-04 00:15:13,369 :: INFO :: ROS - matrix_rot (from Quaternion)
[[ -9.07376615e-01  -2.73982669e-03   4.20309614e-01   0.00000000e+00]
 [ -4.20317930e-01   4.20603937e-03  -9.07367151e-01   0.00000000e+00]
 [  7.18189960e-04  -9.99987401e-01  -4.96806005e-03   0.00000000e+00]
 [  0.00000000e+00   0.00000000e+00   0.00000000e+00   1.00000000e+00]]
2016-09-04 00:15:13,371 :: INFO :: ROS - matrix_rot (from Quaternion)
[[ -9.11606712e-01  -8.26151923e-04   4.11062672e-01   0.00000000e+00]
 [ -4.11063432e-01   1.24670006e-03  -9.11605891e-01   0.00000000e+00]
 [  2.40653101e-04  -9.99998882e-01  -1.47610099e-03   0.00000000e+00]
 [  0.00000000e+00   0.00000000e+00   0.00000000e+00   1.00000000e+00]]
2016-09-04 00:15:13,372 :: INFO :: ROS - matrix_rot (from Quaternion)
[[ -9.05747656e-01   3.00492507e-03   4.23806742e-01   0.00000000e+00]
 [ -4.23816536e-01  -4.40885136e-03  -9.05737327e-01   0.00000000e+00]
 [ -8.53171876e-04  -9.99985766e-01   5.26684372e-03   0.00000000e+00]
 [  0.00000000e+00   0.00000000e+00   0.00000000e+00   1.00000000e+00]]
2016-09-04 00:15:13,374 :: INFO :: ROS - matrix_rot (from Quaternion)
[[-0.88937896  0.00671984  0.45712133  0.        ]
 [-0.45716752 -0.00933079 -0.88933166  0.        ]
 [-0.00171086 -0.99993389  0.0113707   0.        ]
 [ 0.          0.          0.          1.        ]]
2016-09-04 00:15:13,375 :: INFO :: ROS - matrix_rot (from Quaternion)
[[-0.88317051  0.00659077  0.46900577  0.        ]
 [-0.46904973 -0.0092452  -0.88312336  0.        ]
 [-0.00148441 -0.99993554  0.01125649  0.        ]
 [ 0.          0.          0.          1.        ]]
2016-09-04 00:15:13,375 :: INFO :: ROS - matrix_rot (from Quaternion)
[[ -8.77107253e-01   2.05381116e-03   4.80290172e-01   0.00000000e+00]
 [ -4.80294344e-01  -2.79595056e-03  -8.77102916e-01   0.00000000e+00]
 [ -4.58536183e-04  -9.99993982e-01   3.43878239e-03   0.00000000e+00]
 [  0.00000000e+00   0.00000000e+00   0.00000000e+00   1.00000000e+00]]
2016-09-04 00:15:13,377 :: INFO :: ROS - matrix_rot (from Quaternion)
[[-0.88090074 -0.00438888  0.47328071  0.        ]
 [-0.47329994  0.00599347 -0.88088095  0.        ]
 [ 0.00102949 -0.99997241 -0.00735691  0.        ]
 [ 0.          0.          0.          1.        ]]
2016-09-04 00:15:13,378 :: INFO :: ROS - matrix_rot (from Quaternion)
[[ -8.82173646e-01  -2.47637710e-04   4.70924194e-01   0.00000000e+00]
 [ -4.70924255e-01   3.31324785e-04  -8.82173586e-01   0.00000000e+00]
 [  6.24305898e-05  -9.99999914e-01  -4.08904598e-04   0.00000000e+00]
 [  0.00000000e+00   0.00000000e+00   0.00000000e+00   1.00000000e+00]]
2016-09-04 00:15:13,380 :: INFO :: ROS - matrix_rot (from Quaternion)
[[-0.88180204 -0.0045757   0.47159752  0.        ]
 [-0.47161851  0.00628553 -0.88178029  0.        ]
 [ 0.00107052 -0.99996978 -0.00770058  0.        ]
 [ 0.          0.          0.          1.        ]]
2016-09-04 00:15:13,381 :: INFO :: ROS - matrix_rot (from Quaternion)
[[-0.88166572 -0.0065698   0.47182877  0.        ]
 [-0.47187243  0.00930545 -0.88161773  0.        ]
 [ 0.00140147 -0.99993512 -0.0113044   0.        ]
 [ 0.          0.          0.          1.        ]]
2016-09-04 00:15:13,381 :: INFO :: ROS - matrix_rot (from Quaternion)
[[-0.86854033 -0.01841517  0.49527626  0.        ]
 [-0.49561028  0.02651656 -0.86814015  0.        ]
 [ 0.00285392 -0.99947874 -0.03215744  0.        ]
 [ 0.          0.          0.          1.        ]]
2016-09-04 00:15:13,382 :: INFO :: ROS - matrix_rot (from Quaternion)
[[-0.86816332 -0.03012909  0.49536319  0.        ]
 [-0.49626544  0.04543566 -0.86698109  0.        ]
 [ 0.0036142  -0.99851281 -0.0543976   0.        ]
 [ 0.          0.          0.          1.        ]]
2016-09-04 00:15:13,384 :: INFO :: ROS - matrix_rot (from Quaternion)
[[-0.87613548 -0.02598693  0.481364    0.        ]
 [-0.48205065  0.0395338  -0.87525097  0.        ]
 [ 0.00371493 -0.99888025 -0.04716398  0.        ]
 [ 0.          0.          0.          1.        ]]
2016-09-04 00:15:13,385 :: INFO :: ROS - matrix_rot (from Quaternion)
[[-0.88218423 -0.02178521  0.47040024  0.        ]
 [-0.47088513  0.03176645 -0.88162242  0.        ]
 [ 0.00426338 -0.99925787 -0.03828219  0.        ]
 [ 0.          0.          0.          1.        ]]
2016-09-04 00:15:13,387 :: INFO :: ROS - matrix_rot (from Quaternion)
[[-0.89067402 -0.01983602  0.45420957  0.        ]
 [-0.45462272  0.02954084 -0.89019409  0.        ]
 [ 0.00424017 -0.99936674 -0.03532916  0.        ]
 [ 0.          0.          0.          1.        ]]
2016-09-04 00:15:13,388 :: INFO :: ROS - matrix_rot (from Quaternion)
[[ -8.88909804e-01  -4.22890881e-03   4.58062744e-01   0.00000000e+00]
 [ -4.58081361e-01   6.22040374e-03  -8.88888504e-01   0.00000000e+00]
 [  9.09693221e-04  -9.99971711e-01  -7.46656217e-03   0.00000000e+00]
 [  0.00000000e+00   0.00000000e+00   0.00000000e+00   1.00000000e+00]]
2016-09-04 00:15:13,388 :: INFO :: ROS - matrix_rot (from Quaternion)
[[-0.88455012  0.00755457  0.46638398  0.        ]
 [-0.46644234 -0.01085098 -0.88448505  0.        ]
 [-0.00162118 -0.99991259  0.01312201  0.        ]
 [ 0.          0.          0.          1.        ]]
2016-09-04 00:15:13,391 :: INFO :: ROS - matrix_rot (from Quaternion)
[[-0.85161825  0.01015363  0.52406417  0.        ]
 [-0.52415811 -0.01239288 -0.85153079  0.        ]
 [-0.00215147 -0.99987165  0.01587611  0.        ]
 [ 0.          0.          0.          1.        ]]
2016-09-04 00:15:13,391 :: INFO :: ROS - matrix_rot (from Quaternion)
[[ -8.31308104e-01  -3.40478438e-03   5.55801442e-01   0.00000000e+00]
 [ -5.55811520e-01   3.96819854e-03  -8.31298868e-01   0.00000000e+00]
 [  6.24862935e-04  -9.99986330e-01  -5.19121398e-03   0.00000000e+00]
 [  0.00000000e+00   0.00000000e+00   0.00000000e+00   1.00000000e+00]]
2016-09-04 00:15:13,392 :: INFO :: ROS - matrix_rot (from Quaternion)
[[-0.85203485  0.02862818  0.52270167  0.        ]
 [-0.52343003 -0.03211316 -0.8514633   0.        ]
 [-0.00759024 -0.99907416  0.04234638  0.        ]
 [ 0.          0.          0.          1.        ]]
2016-09-04 00:15:13,394 :: INFO :: ROS - matrix_rot (from Quaternion)
[[-0.83132538  0.02223572  0.55534106  0.        ]
 [-0.55575769 -0.02316539 -0.83102151  0.        ]
 [-0.00561367 -0.99948434  0.03161565  0.        ]
 [ 0.          0.          0.          1.        ]]
2016-09-04 00:15:13,395 :: INFO :: ROS - matrix_rot (from Quaternion)
[[-0.81156289  0.02146433  0.58387066  0.        ]
 [-0.58424175 -0.02088513 -0.81131091  0.        ]
 [-0.00522003 -0.99955145  0.02948995  0.        ]
 [ 0.          0.          0.          1.        ]]
2016-09-04 00:15:13,397 :: INFO :: ROS - matrix_rot (from Quaternion)
[[ -7.95265735e-01   3.42801599e-03   6.06251317e-01   0.00000000e+00]
 [ -6.06260683e-01  -3.46002936e-03  -7.95258456e-01   0.00000000e+00]
 [ -6.28511350e-04  -9.99988138e-01   4.82991411e-03   0.00000000e+00]
 [  0.00000000e+00   0.00000000e+00   0.00000000e+00   1.00000000e+00]]
2016-09-04 00:15:13,398 :: INFO :: ROS - matrix_rot (from Quaternion)
[[ -7.87451244e-01  -5.79331298e-03   6.16349718e-01   0.00000000e+00]
 [ -6.16376343e-01   6.00465816e-03  -7.87428821e-01   0.00000000e+00]
 [  8.60852238e-04  -9.99965190e-01  -8.29923661e-03   0.00000000e+00]
 [  0.00000000e+00   0.00000000e+00   0.00000000e+00   1.00000000e+00]]
2016-09-04 00:15:13,398 :: INFO :: ROS - matrix_rot (from Quaternion)
[[-0.81423695 -0.01202045  0.58040822  0.        ]
 [-0.5805291   0.01334889 -0.81413007  0.        ]
 [ 0.0020384  -0.99983864 -0.01784738  0.        ]
 [ 0.          0.          0.          1.        ]]
2016-09-04 00:15:13,400 :: INFO :: ROS - matrix_rot (from Quaternion)
[[-0.82122928 -0.01099792  0.57049235  0.        ]
 [-0.57059418  0.01200473 -0.82114443  0.        ]
 [ 0.00218228 -0.99986746 -0.01613398  0.        ]
 [ 0.          0.          0.          1.        ]]
2016-09-04 00:15:13,401 :: INFO :: ROS - matrix_rot (from Quaternion)
[[-0.81787881 -0.0161414   0.57516408  0.        ]
 [-0.57538251  0.01766646 -0.81769363  0.        ]
 [ 0.00303761 -0.99971363 -0.0237365   0.        ]
 [ 0.          0.          0.          1.        ]]
2016-09-04 00:15:13,403 :: INFO :: ROS - matrix_rot (from Quaternion)
[[-0.81497055 -0.00545968  0.57947665  0.        ]
 [-0.57950143  0.00587852 -0.81495002  0.        ]
 [ 0.0010429  -0.99996782 -0.00795472  0.        ]
 [ 0.          0.          0.          1.        ]]
2016-09-04 00:15:13,404 :: INFO :: ROS - matrix_rot (from Quaternion)
[[-0.79517306 -0.01555793  0.60618294  0.        ]
 [-0.60637742  0.01628596 -0.79501019  0.        ]
 [ 0.00249644 -0.99974633 -0.02238413  0.        ]
 [ 0.          0.          0.          1.        ]]
2016-09-04 00:15:13,404 :: INFO :: ROS - matrix_rot (from Quaternion)
[[-0.78009879 -0.03262932  0.62480494  0.        ]
 [-0.62563352  0.03214831 -0.77945442  0.        ]
 [ 0.00534664 -0.99895036 -0.04549285  0.        ]
 [ 0.          0.          0.          1.        ]]
2016-09-04 00:15:13,405 :: INFO :: ROS - matrix_rot (from Quaternion)
[[-0.78492864 -0.05672051  0.61698445  0.        ]
 [-0.61953255  0.05875031 -0.78276933  0.        ]
 [ 0.00815105 -0.99666001 -0.08125501  0.        ]
 [ 0.          0.          0.          1.        ]]
2016-09-04 00:15:13,407 :: INFO :: ROS - matrix_rot (from Quaternion)
[[-0.77796093 -0.05971345  0.6254687   0.        ]
 [-0.62826846  0.06212443 -0.77551228  0.        ]
 [ 0.00745162 -0.99628051 -0.08584646  0.        ]
 [ 0.          0.          0.          1.        ]]
2016-09-04 00:15:13,408 :: INFO :: ROS - matrix_rot (from Quaternion)
[[-0.7792618  -0.04663023  0.62496133  0.        ]
 [-0.62667255  0.04889869 -0.77774703  0.        ]
 [ 0.00570673 -0.99771466 -0.06732677  0.        ]
 [ 0.          0.          0.          1.        ]]
2016-09-04 00:15:13,410 :: INFO :: ROS - matrix_rot (from Quaternion)
[[-0.75785929 -0.04946415  0.65054023  0.        ]
 [-0.65239822  0.04968404 -0.75624603  0.        ]
 [ 0.0050856  -0.99753937 -0.06992384  0.        ]
 [ 0.          0.          0.          1.        ]]
2016-09-04 00:15:13,411 :: INFO :: ROS - matrix_rot (from Quaternion)
[[-0.76233459 -0.05971975  0.64442185  0.        ]
 [-0.64716887  0.06374027 -0.75967732  0.        ]
 [ 0.00429212 -0.99617806 -0.08724017  0.        ]
 [ 0.          0.          0.          1.        ]]
2016-09-04 00:15:13,413 :: INFO :: ROS - matrix_rot (from Quaternion)
[[-0.78923691 -0.05349132  0.61175467  0.        ]
 [-0.61405408  0.05814583 -0.78711921  0.        ]
 [ 0.00653307 -0.99687398 -0.0787374   0.        ]
 [ 0.          0.          0.          1.        ]]
2016-09-04 00:15:13,414 :: INFO :: ROS - matrix_rot (from Quaternion)
[[-0.77580998 -0.04047351  0.62966719  0.        ]
 [-0.63092851  0.03879351 -0.77487049  0.        ]
 [ 0.00693473 -0.99842724 -0.05563229  0.        ]
 [ 0.          0.          0.          1.        ]]
2016-09-04 00:15:13,414 :: INFO :: ROS - matrix_rot (from Quaternion)
[[-0.70778513 -0.02552228  0.70596659  0.        ]
 [-0.70641555  0.01968933 -0.70752343  0.        ]
 [ 0.0041576  -0.99948034 -0.03196515  0.        ]
 [ 0.          0.          0.          1.        ]]
2016-09-04 00:15:13,417 :: INFO :: ROS - matrix_rot (from Quaternion)
[[-0.65808329 -0.07238673  0.7494575   0.        ]
 [-0.75291325  0.05410362 -0.65589209  0.        ]
 [ 0.00692952 -0.99590811 -0.09010562  0.        ]
 [ 0.          0.          0.          1.        ]]
2016-09-04 00:15:13,417 :: INFO :: ROS - matrix_rot (from Quaternion)
[[-0.7398141  -0.03047937  0.6721206   0.        ]
 [-0.67279348  0.02623691 -0.73936497  0.        ]
 [ 0.00490101 -0.99919099 -0.03991676  0.        ]
 [ 0.          0.          0.          1.        ]]
2016-09-04 00:15:13,418 :: INFO :: ROS - matrix_rot (from Quaternion)
[[-0.71998396 -0.04625831  0.6924473   0.        ]
 [-0.69396511  0.03941914 -0.71892876  0.        ]
 [ 0.00596075 -0.99815144 -0.0604828   0.        ]
 [ 0.          0.          0.          1.        ]]
2016-09-04 00:15:13,420 :: INFO :: ROS - matrix_rot (from Quaternion)
[[-0.73574096 -0.04430643  0.67581224  0.        ]
 [-0.67724436  0.04071624 -0.7346307   0.        ]
 [ 0.00503233 -0.99818792 -0.05996289  0.        ]
 [ 0.          0.          0.          1.        ]]
2016-09-04 00:15:13,421 :: INFO :: ROS - matrix_rot (from Quaternion)
[[-0.75054821 -0.07650671  0.65637193  0.        ]
 [-0.66080045  0.08014663 -0.74627025  0.        ]
 [ 0.00448869 -0.99384266 -0.11070958  0.        ]
 [ 0.          0.          0.          1.        ]]
2016-09-04 00:15:13,423 :: INFO :: ROS - matrix_rot (from Quaternion)
[[-0.81413994 -0.04468296  0.57894697  0.        ]
 [-0.58063089  0.05126339 -0.81255144  0.        ]
 [ 0.00662842 -0.99768507 -0.06767988  0.        ]
 [ 0.          0.          0.          1.        ]]
2016-09-04 00:15:13,424 :: INFO :: ROS - matrix_rot (from Quaternion)
[[-0.82212382 -0.03734154  0.56808277  0.        ]
 [-0.56926799  0.04198314 -0.82107939  0.        ]
 [ 0.00681048 -0.99842026 -0.05577268  0.        ]
 [ 0.          0.          0.          1.        ]]
2016-09-04 00:15:13,424 :: INFO :: ROS - matrix_rot (from Quaternion)
[[-0.82428257 -0.03407898  0.56515207  0.        ]
 [-0.56613701  0.03750717 -0.82345741  0.        ]
 [ 0.00686533 -0.99871509 -0.05020988  0.        ]
 [ 0.          0.          0.          1.        ]]
2016-09-04 00:15:13,426 :: INFO :: ROS - matrix_rot (from Quaternion)
[[-0.80899459 -0.03552839  0.58674142  0.        ]
 [-0.58778147  0.03805994 -0.80812399  0.        ]
 [ 0.00638    -0.99864367 -0.05167322  0.        ]
 [ 0.          0.          0.          1.        ]]
2016-09-04 00:15:13,427 :: INFO :: ROS - matrix_rot (from Quaternion)
[[-0.79517774 -0.04516511  0.60469205  0.        ]
 [-0.60632908  0.04676288 -0.79383769  0.        ]
 [ 0.00757663 -0.99788443 -0.06456973  0.        ]
 [ 0.          0.          0.          1.        ]]
2016-09-04 00:15:13,428 :: INFO :: ROS - matrix_rot (from Quaternion)
[[-0.77175924 -0.05953724  0.63312163  0.        ]
 [-0.63584836  0.05785209 -0.76964278  0.        ]
 [ 0.009195   -0.99654827 -0.08250454  0.        ]
 [ 0.          0.          0.          1.        ]]
2016-09-04 00:15:13,430 :: INFO :: ROS - matrix_rot (from Quaternion)
[[-0.7564194  -0.05747809  0.65155657  0.        ]
 [-0.65401867  0.0520743  -0.75468394  0.        ]
 [ 0.00944844 -0.99698773 -0.07698176  0.        ]
 [ 0.          0.          0.          1.        ]]
2016-09-04 00:15:13,430 :: INFO :: ROS - matrix_rot (from Quaternion)
[[-0.74586651 -0.0414386   0.66480523  0.        ]
 [-0.66605417  0.03528647 -0.74506826  0.        ]
 [ 0.00741595 -0.99851776 -0.05391935  0.        ]
 [ 0.          0.          0.          1.        ]]
2016-09-04 00:15:13,433 :: INFO :: ROS - matrix_rot (from Quaternion)
[[-0.72354845 -0.05030025  0.68843847  0.        ]
 [-0.69024912  0.04432308 -0.722213    0.        ]
 [ 0.00581378 -0.99775014 -0.0667896   0.        ]
 [ 0.          0.          0.          1.        ]]
2016-09-04 00:15:13,434 :: INFO :: ROS - matrix_rot (from Quaternion)
[[-0.7251817  -0.05946349  0.68598513  0.        ]
 [-0.68852955  0.05363855 -0.72322194  0.        ]
 [ 0.00621005 -0.99678834 -0.07984007  0.        ]
 [ 0.          0.          0.          1.        ]]
2016-09-04 00:15:13,434 :: INFO :: ROS - matrix_rot (from Quaternion)
[[-0.668212   -0.0516528   0.74217567  0.        ]
 [-0.74394323  0.03778399 -0.66717377  0.        ]
 [ 0.00641904 -0.99795008 -0.06367446  0.        ]
 [ 0.          0.          0.          1.        ]]
2016-09-04 00:15:13,436 :: INFO :: ROS - matrix_rot (from Quaternion)
[[-0.65741173 -0.06290894  0.75090098  0.        ]
 [-0.75348799  0.04416428 -0.65597665  0.        ]
 [ 0.0081038  -0.99704161 -0.07643525  0.        ]
 [ 0.          0.          0.          1.        ]]
2016-09-04 00:15:13,437 :: INFO :: ROS - matrix_rot (from Quaternion)
[[-0.70162565 -0.05426404  0.71047651  0.        ]
 [-0.71248179  0.04006798 -0.70054568  0.        ]
 [ 0.00954708 -0.99772239 -0.06677487  0.        ]
 [ 0.          0.          0.          1.        ]]
2016-09-04 00:15:13,438 :: INFO :: ROS - matrix_rot (from Quaternion)
[[-0.67624951 -0.08792318  0.73140694  0.        ]
 [-0.73653333  0.06138774 -0.67360982  0.        ]
 [ 0.01432649 -0.99423391 -0.10627178  0.        ]
 [ 0.          0.          0.          1.        ]]
2016-09-04 00:15:13,440 :: INFO :: ROS - matrix_rot (from Quaternion)
[[-0.61221793 -0.11812101  0.78181624  0.        ]
 [-0.79063458  0.07984473 -0.60705995  0.        ]
 [ 0.00928263 -0.98978394 -0.14227293  0.        ]
 [ 0.          0.          0.          1.        ]]
2016-09-04 00:15:13,440 :: INFO :: ROS - matrix_rot (from Quaternion)
[[-0.58329673 -0.13030848  0.8017385   0.        ]
 [-0.81223455  0.08589154 -0.57697286  0.        ]
 [ 0.0063219  -0.98774609 -0.1559413   0.        ]
 [ 0.          0.          0.          1.        ]]
2016-09-04 00:15:13,443 :: INFO :: ROS - matrix_rot (from Quaternion)
[[-0.59545943 -0.14128629  0.79086424  0.        ]
 [-0.80335929  0.09678408 -0.58757696  0.        ]
 [ 0.0064735  -0.98522638 -0.17113465  0.        ]
 [ 0.          0.          0.          1.        ]]
2016-09-04 00:15:13,444 :: INFO :: ROS - matrix_rot (from Quaternion)
[[ -5.89835831e-01  -1.52512913e-01   7.92990229e-01   0.00000000e+00]
 [ -8.07523138e-01   1.11731274e-01  -5.79156718e-01   0.00000000e+00]
 [ -2.72931064e-04  -9.81965342e-01  -1.89060815e-01   0.00000000e+00]
 [  0.00000000e+00   0.00000000e+00   0.00000000e+00   1.00000000e+00]]
2016-09-04 00:15:13,444 :: INFO :: ROS - matrix_rot (from Quaternion)
[[-0.64745668 -0.11411636  0.75350999  0.        ]
 [-0.76209542  0.09276172 -0.64078533  0.        ]
 [ 0.00322721 -0.98912725 -0.14702675  0.        ]
 [ 0.          0.          0.          1.        ]]
2016-09-04 00:15:13,446 :: INFO :: ROS - matrix_rot (from Quaternion)
[[-0.66531809 -0.11309798  0.73794355  0.        ]
 [-0.74655623  0.09764647 -0.65811775  0.        ]
 [ 0.0023742  -0.988774   -0.14939996  0.        ]
 [ 0.          0.          0.          1.        ]]
2016-09-04 00:15:13,447 :: INFO :: ROS - matrix_rot (from Quaternion)
[[-0.65759902 -0.12380694  0.74312541  0.        ]
 [-0.75335582  0.10243058 -0.64958678  0.        ]
 [ 0.00430458 -0.98700548 -0.16062893  0.        ]
 [ 0.          0.          0.          1.        ]]
2016-09-04 00:15:13,448 :: INFO :: ROS - matrix_rot (from Quaternion)
[[-0.7258833  -0.12175266  0.67695622  0.        ]
 [-0.68777188  0.11710036 -0.71641981  0.        ]
 [ 0.0079542  -0.98562863 -0.16873926  0.        ]
 [ 0.          0.          0.          1.        ]]
2016-09-04 00:15:13,450 :: INFO :: ROS - matrix_rot (from Quaternion)
[[-0.73731477 -0.11761665  0.66523173  0.        ]
 [-0.67547511  0.11375642 -0.72855532  0.        ]
 [ 0.01001586 -0.98652207 -0.1633214   0.        ]
 [ 0.          0.          0.          1.        ]]
2016-09-04 00:15:13,450 :: INFO :: ROS - matrix_rot (from Quaternion)
[[-0.64275799 -0.11230368  0.75779288  0.        ]
 [-0.76603244  0.08451854 -0.63722125  0.        ]
 [ 0.00751474 -0.99007298 -0.14035323  0.        ]
 [ 0.          0.          0.          1.        ]]
2016-09-04 00:15:13,451 :: INFO :: ROS - matrix_rot (from Quaternion)
[[-0.65167054 -0.08927913  0.75322954  0.        ]
 [-0.75845782  0.06596364 -0.64837531  0.        ]
 [ 0.00820063 -0.99381992 -0.11070102  0.        ]
 [ 0.          0.          0.          1.        ]]
2016-09-04 00:15:13,453 :: INFO :: ROS - matrix_rot (from Quaternion)
[[-0.61557879 -0.08152088  0.78384762  0.        ]
 [-0.7880506   0.05579385 -0.61307691  0.        ]
 [ 0.0062447  -0.99510873 -0.09858809  0.        ]
 [ 0.          0.          0.          1.        ]]
2016-09-04 00:15:13,454 :: INFO :: ROS - matrix_rot (from Quaternion)
[[-0.52573214 -0.11821216  0.84239635  0.        ]
 [-0.8506475   0.07057429 -0.52097803  0.        ]
 [ 0.00213441 -0.99047724 -0.13766005  0.        ]
 [ 0.          0.          0.          1.        ]]
2016-09-04 00:15:13,456 :: INFO :: ROS - matrix_rot (from Quaternion)
[[ -5.36228955e-01  -1.25845906e-01   8.34638434e-01   0.00000000e+00]
 [ -8.44072346e-01   8.06734346e-02  -5.30126091e-01   0.00000000e+00]
 [ -6.18950945e-04  -9.88764181e-01  -1.49482480e-01   0.00000000e+00]
 [  0.00000000e+00   0.00000000e+00   0.00000000e+00   1.00000000e+00]]
2016-09-04 00:15:13,457 :: INFO :: ROS - matrix_rot (from Quaternion)
[[-0.42473106 -0.18477959  0.88626183  0.        ]
 [-0.90530196  0.09279324 -0.41450907  0.        ]
 [-0.00564629 -0.97838945 -0.20669349  0.        ]
 [ 0.          0.          0.          1.        ]]
2016-09-04 00:15:13,459 :: INFO :: ROS - matrix_rot (from Quaternion)
[[ -4.06569135e-01  -1.72229787e-01   8.97239343e-01   0.00000000e+00]
 [ -9.13620017e-01   7.65776544e-02  -3.99292284e-01   0.00000000e+00]
 [  6.15406701e-05  -9.82075742e-01  -1.88486692e-01   0.00000000e+00]
 [  0.00000000e+00   0.00000000e+00   0.00000000e+00   1.00000000e+00]]
2016-09-04 00:15:13,460 :: INFO :: ROS - matrix_rot (from Quaternion)
[[-0.42909554 -0.14716094  0.89119059  0.        ]
 [-0.90324276  0.06397122 -0.42433502  0.        ]
 [ 0.00543499 -0.98704171 -0.16037182  0.        ]
 [ 0.          0.          0.          1.        ]]
2016-09-04 00:15:13,461 :: INFO :: ROS - matrix_rot (from Quaternion)
[[-0.41222873 -0.14810158  0.8989624   0.        ]
 [-0.91107872  0.06889746 -0.40643413  0.        ]
 [-0.00174269 -0.98656934 -0.16333371  0.        ]
 [ 0.          0.          0.          1.        ]]
2016-09-04 00:15:13,463 :: INFO :: ROS - matrix_rot (from Quaternion)
[[-0.35220278 -0.18667858  0.91711739  0.        ]
 [-0.93578392  0.08717545 -0.34162683  0.        ]
 [-0.01617571 -0.97854563 -0.20539425  0.        ]
 [ 0.          0.          0.          1.        ]]
2016-09-04 00:15:13,463 :: INFO :: ROS - matrix_rot (from Quaternion)
[[-0.27358613 -0.24466932  0.93020834  0.        ]
 [-0.96117929  0.10558782 -0.2549227   0.        ]
 [-0.03584691 -0.9638403  -0.26405845  0.        ]
 [ 0.          0.          0.          1.        ]]
2016-09-04 00:15:13,466 :: INFO :: ROS - matrix_rot (from Quaternion)
[[-0.25551146 -0.24757035  0.93457093  0.        ]
 [-0.96598305  0.10524989 -0.23621855  0.        ]
 [-0.03988277 -0.96313622 -0.26604132  0.        ]
 [ 0.          0.          0.          1.        ]]
2016-09-04 00:15:13,467 :: INFO :: ROS - matrix_rot (from Quaternion)
[[-0.2071739  -0.25044881  0.94570311  0.        ]
 [-0.97724678  0.09791129 -0.18815447  0.        ]
 [-0.04547195 -0.96316602 -0.26503495  0.        ]
 [ 0.          0.          0.          1.        ]]
2016-09-04 00:15:13,469 :: INFO :: ROS - matrix_rot (from Quaternion)
[[-0.21062289 -0.22188101  0.952054    0.        ]
 [-0.97696252  0.08203072 -0.19701573  0.        ]
 [-0.03438362 -0.97161709 -0.23404698  0.        ]
 [ 0.          0.          0.          1.        ]]
2016-09-04 00:15:13,470 :: INFO :: ROS - matrix_rot (from Quaternion)
[[-0.25137075 -0.19264694  0.94852512  0.        ]
 [-0.9676222   0.07310766 -0.24158343  0.        ]
 [-0.02280415 -0.97854097 -0.20478658  0.        ]
 [ 0.          0.          0.          1.        ]]
2016-09-04 00:15:13,471 :: INFO :: ROS - matrix_rot (from Quaternion)
[[-0.43964527 -0.09693704  0.89292511  0.        ]
 [-0.89816107  0.04265749 -0.43759232  0.        ]
 [ 0.00432896 -0.99437596 -0.10581923  0.        ]
 [ 0.          0.          0.          1.        ]]
2016-09-04 00:15:13,473 :: INFO :: ROS - matrix_rot (from Quaternion)
[[-0.63400588  0.06044807  0.77096211  0.        ]
 [-0.77317375 -0.02962189 -0.63350209  0.        ]
 [-0.01545662 -0.99773171  0.06551732  0.        ]
 [ 0.          0.          0.          1.        ]]
2016-09-04 00:15:13,473 :: INFO :: ROS - matrix_rot (from Quaternion)
[[-0.61519507  0.06177749  0.78595074  0.        ]
 [-0.78822041 -0.02846038 -0.61473457  0.        ]
 [-0.0156083  -0.99768409  0.06620297  0.        ]
 [ 0.          0.          0.          1.        ]]
2016-09-04 00:15:13,474 :: INFO :: ROS - matrix_rot (from Quaternion)
[[-0.570367    0.07466903  0.81798901  0.        ]
 [-0.82116664 -0.02861432 -0.56997067  0.        ]
 [-0.01915296 -0.99679775  0.07763638  0.        ]
 [ 0.          0.          0.          1.        ]]
2016-09-04 00:15:13,476 :: INFO :: ROS - matrix_rot (from Quaternion)
[[-0.53246982  0.05855913  0.84442094  0.        ]
 [-0.84632352 -0.0196557  -0.53230645  0.        ]
 [-0.01457372 -0.99809042  0.06002603  0.        ]
 [ 0.          0.          0.          1.        ]]
2016-09-04 00:15:13,477 :: INFO :: ROS - matrix_rot (from Quaternion)
[[-0.55481296  0.06241338  0.82963073  0.        ]
 [-0.83184377 -0.02389668 -0.55449517  0.        ]
 [-0.0147825  -0.99776426  0.06517637  0.        ]
 [ 0.          0.          0.          1.        ]]
2016-09-04 00:15:13,479 :: INFO :: ROS - matrix_rot (from Quaternion)
[[-0.58498801  0.09428292  0.80554314  0.        ]
 [-0.81065813 -0.03741985 -0.58432281  0.        ]
 [-0.02494836 -0.99484194  0.09832137  0.        ]
 [ 0.          0.          0.          1.        ]]
2016-09-04 00:15:13,480 :: INFO :: ROS - matrix_rot (from Quaternion)
[[-0.62325702  0.09979261  0.7756237   0.        ]
 [-0.78154633 -0.04507698 -0.62221653  0.        ]
 [-0.02712984 -0.99398667  0.10608709  0.        ]
 [ 0.          0.          0.          1.        ]]
2016-09-04 00:15:13,482 :: INFO :: ROS - matrix_rot (from Quaternion)
[[-0.59854214  0.0597621   0.79885906  0.        ]
 [-0.80096565 -0.02698222 -0.59810198  0.        ]
 [-0.01418884 -0.99784791  0.06401739  0.        ]
 [ 0.          0.          0.          1.        ]]
2016-09-04 00:15:13,483 :: INFO :: ROS - matrix_rot (from Quaternion)
[[-0.6001104   0.03056119  0.79933317  0.        ]
 [-0.79988583 -0.01407843 -0.59998705  0.        ]
 [-0.00708296 -0.99943375  0.03289408  0.        ]
 [ 0.          0.          0.          1.        ]]
2016-09-04 00:15:13,483 :: INFO :: ROS - matrix_rot (from Quaternion)
[[-0.66311107  0.08425024  0.74376449  0.        ]
 [-0.74810195 -0.04135034 -0.66229421  0.        ]
 [-0.02504353 -0.99558628  0.09044763  0.        ]
 [ 0.          0.          0.          1.        ]]
2016-09-04 00:15:13,484 :: INFO :: ROS - matrix_rot (from Quaternion)
[[-0.64475514  0.11550153  0.75561247  0.        ]
 [-0.76347102 -0.04887135 -0.64399036  0.        ]
 [-0.03745407 -0.99210432  0.11969213  0.        ]
 [ 0.          0.          0.          1.        ]]
2016-09-04 00:15:13,486 :: INFO :: ROS - matrix_rot (from Quaternion)
[[-0.51829196  0.02052175  0.85495748  0.        ]
 [-0.85518921 -0.00660881 -0.5182738   0.        ]
 [-0.00498564 -0.99976756  0.02097528  0.        ]
 [ 0.          0.          0.          1.        ]]
2016-09-04 00:15:13,487 :: INFO :: ROS - matrix_rot (from Quaternion)
[[-0.52596739 -0.04469105  0.84932975  0.        ]
 [-0.85047523  0.01931822 -0.52566024  0.        ]
 [ 0.00708477 -0.99881405 -0.04816938  0.        ]
 [ 0.          0.          0.          1.        ]]
2016-09-04 00:15:13,489 :: INFO :: ROS - matrix_rot (from Quaternion)
[[-0.53367833 -0.06084833  0.84349566  0.        ]
 [-0.84563778  0.02757508 -0.53304442  0.        ]
 [ 0.0091754  -0.99776605 -0.06617187  0.        ]
 [ 0.          0.          0.          1.        ]]
2016-09-04 00:15:13,490 :: INFO :: ROS - matrix_rot (from Quaternion)
[[-0.42803533 -0.06185399  0.90164285  0.        ]
 [-0.90373158  0.02110908 -0.4275788   0.        ]
 [ 0.00741461 -0.99786196 -0.06493484  0.        ]
 [ 0.          0.          0.          1.        ]]
2016-09-04 00:15:13,490 :: INFO :: ROS - matrix_rot (from Quaternion)
[[-0.41057485 -0.03475046  0.91116447  0.        ]
 [-0.9118179   0.01120816 -0.41044182  0.        ]
 [ 0.00405057 -0.99933317 -0.03628788  0.        ]
 [ 0.          0.          0.          1.        ]]
2016-09-04 00:15:13,493 :: INFO :: ROS - matrix_rot (from Quaternion)
[[ -4.53550561e-01   2.42319679e-03   8.91227253e-01   0.00000000e+00]
 [ -8.91230496e-01  -8.94926411e-04  -4.53549779e-01   0.00000000e+00]
 [ -3.01457561e-04  -9.99996664e-01   2.56552125e-03   0.00000000e+00]
 [  0.00000000e+00   0.00000000e+00   0.00000000e+00   1.00000000e+00]]
2016-09-04 00:15:13,493 :: INFO :: ROS - matrix_rot (from Quaternion)
[[-0.40853682 -0.07775343  0.90942403  0.        ]
 [-0.91273419  0.0307215  -0.40739722  0.        ]
 [ 0.00373766 -0.99649917 -0.08351908  0.        ]
 [ 0.          0.          0.          1.        ]]
2016-09-04 00:15:13,494 :: INFO :: ROS - matrix_rot (from Quaternion)
[[ -3.35821269e-01  -1.45738934e-01   9.30582741e-01   0.00000000e+00]
 [ -9.41925631e-01   5.15144168e-02  -3.31846907e-01   0.00000000e+00]
 [  4.24587205e-04  -9.87980986e-01  -1.54574874e-01   0.00000000e+00]
 [  0.00000000e+00   0.00000000e+00   0.00000000e+00   1.00000000e+00]]
2016-09-04 00:15:13,496 :: INFO :: ROS - matrix_rot (from Quaternion)
[[-0.37368829 -0.10659665  0.92140882  0.        ]
 [-0.92754066  0.03754764 -0.37183128  0.        ]
 [ 0.00503924 -0.99359314 -0.11290384  0.        ]
 [ 0.          0.          0.          1.        ]]
2016-09-04 00:15:13,497 :: INFO :: ROS - matrix_rot (from Quaternion)
[[-0.38798272 -0.07126777  0.91890713  0.        ]
 [-0.92165393  0.02476215 -0.387222    0.        ]
 [ 0.00484233 -0.99714981 -0.07529151  0.        ]
 [ 0.          0.          0.          1.        ]]
2016-09-04 00:15:13,499 :: INFO :: ROS - matrix_rot (from Quaternion)
[[-0.42970434 -0.04726595  0.90173173  0.        ]
 [-0.90295968  0.01780034 -0.42935646  0.        ]
 [ 0.00424281 -0.99872372 -0.05032813  0.        ]
 [ 0.          0.          0.          1.        ]]
2016-09-04 00:15:13,500 :: INFO :: ROS - matrix_rot (from Quaternion)
[[-0.42172561 -0.04900971  0.90539801  0.        ]
 [-0.90670936  0.01721721 -0.42140444  0.        ]
 [ 0.00506448 -0.9986499  -0.0516985   0.        ]
 [ 0.          0.          0.          1.        ]]
2016-09-04 00:15:13,500 :: INFO :: ROS - matrix_rot (from Quaternion)
[[-0.43279572 -0.05743722  0.8996604   0.        ]
 [-0.90147022  0.02063402 -0.43234902  0.        ]
 [ 0.00626932 -0.99813586 -0.06070826  0.        ]
 [ 0.          0.          0.          1.        ]]
2016-09-04 00:15:13,502 :: INFO :: ROS - matrix_rot (from Quaternion)
[[-0.40712819 -0.08649104  0.9092667   0.        ]
 [-0.91335469  0.03259768 -0.40585785  0.        ]
 [ 0.00546308 -0.99571918 -0.09226843  0.        ]
 [ 0.          0.          0.          1.        ]]
2016-09-04 00:15:13,503 :: INFO :: ROS - matrix_rot (from Quaternion)
[[ -3.76080064e-01  -1.25700083e-01   9.18021391e-01   0.00000000e+00]
 [ -9.26587168e-01   5.09407149e-02  -3.72614095e-01   0.00000000e+00]
 [  7.29567356e-05  -9.90759574e-01  -1.35629871e-01   0.00000000e+00]
 [  0.00000000e+00   0.00000000e+00   0.00000000e+00   1.00000000e+00]]
2016-09-04 00:15:13,505 :: INFO :: ROS - matrix_rot (from Quaternion)
[[-0.37462538 -0.1482689   0.91524431  0.        ]
 [-0.92717489  0.06160755 -0.36952839  0.        ]
 [-0.00159639 -0.98702626 -0.16055096  0.        ]
 [ 0.          0.          0.          1.        ]]
2016-09-04 00:15:13,506 :: INFO :: ROS - matrix_rot (from Quaternion)
[[-0.3747653  -0.17173857  0.91107455  0.        ]
 [-0.92711705  0.07178093 -0.3678335   0.        ]
 [-0.00222658 -0.98252398 -0.18612275  0.        ]
 [ 0.          0.          0.          1.        ]]
2016-09-04 00:15:13,506 :: INFO :: ROS - matrix_rot (from Quaternion)
[[-0.38881223 -0.15039519  0.90895893  0.        ]
 [-0.9213106   0.05978565 -0.38420366  0.        ]
 [ 0.00343968 -0.98681658 -0.16180607  0.        ]
 [ 0.          0.          0.          1.        ]]
2016-09-04 00:15:13,507 :: INFO :: ROS - matrix_rot (from Quaternion)
[[ -3.25828172e-01  -1.47801585e-01   9.33804419e-01   0.00000000e+00]
 [ -9.45428984e-01   5.07317829e-02  -3.21854505e-01   0.00000000e+00]
 [  1.97043089e-04  -9.87715029e-01  -1.56265747e-01   0.00000000e+00]
 [  0.00000000e+00   0.00000000e+00   0.00000000e+00   1.00000000e+00]]
2016-09-04 00:15:13,509 :: INFO :: ROS - matrix_rot (from Quaternion)
[[-0.23241882 -0.22294219  0.94671974  0.        ]
 [-0.97238924  0.07427069 -0.22123072  0.        ]
 [-0.02099187 -0.97199827 -0.2340485   0.        ]
 [ 0.          0.          0.          1.        ]]
2016-09-04 00:15:13,510 :: INFO :: ROS - matrix_rot (from Quaternion)
[[-0.1818472  -0.28422037  0.94135561  0.        ]
 [-0.98275944  0.08504621 -0.1641677   0.        ]
 [-0.03339892 -0.95497954 -0.29478567  0.        ]
 [ 0.          0.          0.          1.        ]]
2016-09-04 00:15:13,512 :: INFO :: ROS - matrix_rot (from Quaternion)
[[-0.24021463 -0.20237846  0.94938922  0.        ]
 [-0.970714    0.05346058 -0.2342142   0.        ]
 [-0.00335499 -0.97784709 -0.20929361  0.        ]
 [ 0.          0.          0.          1.        ]]
2016-09-04 00:15:13,513 :: INFO :: ROS - matrix_rot (from Quaternion)
[[-0.3531377  -0.08312493  0.93187124  0.        ]
 [-0.93552836  0.02182529 -0.35257672  0.        ]
 [ 0.00896955 -0.99630011 -0.08547306  0.        ]
 [ 0.          0.          0.          1.        ]]
2016-09-04 00:15:13,515 :: INFO :: ROS - matrix_rot (from Quaternion)
[[-0.37816198 -0.07060948  0.9230427   0.        ]
 [-0.92570157  0.01982286 -0.37773491  0.        ]
 [ 0.00837432 -0.99730705 -0.07285956  0.        ]
 [ 0.          0.          0.          1.        ]]
2016-09-04 00:15:13,516 :: INFO :: ROS - matrix_rot (from Quaternion)
[[-0.30172867 -0.12292855  0.94543555  0.        ]
 [-0.95337257  0.03227904 -0.30006469  0.        ]
 [ 0.00636877 -0.99189043 -0.12693622  0.        ]
 [ 0.          0.          0.          1.        ]]
2016-09-04 00:15:13,516 :: INFO :: ROS - matrix_rot (from Quaternion)
[[-0.26963079 -0.14771543  0.95156681  0.        ]
 [-0.96294066  0.03451187 -0.26749621  0.        ]
 [ 0.00667297 -0.98842758 -0.15154666  0.        ]
 [ 0.          0.          0.          1.        ]]
2016-09-04 00:15:13,517 :: INFO :: ROS - matrix_rot (from Quaternion)
[[-0.33482503 -0.10342308  0.93658735  0.        ]
 [-0.94224474  0.02811021 -0.33374343  0.        ]
 [ 0.00818911 -0.99424015 -0.10686185  0.        ]
 [ 0.          0.          0.          1.        ]]
2016-09-04 00:15:13,519 :: INFO :: ROS - matrix_rot (from Quaternion)
[[-0.31082299 -0.13730706  0.94049766  0.        ]
 [-0.95043674  0.03689879 -0.30872073  0.        ]
 [ 0.00768631 -0.98984102 -0.14197066  0.        ]
 [ 0.          0.          0.          1.        ]]
2016-09-04 00:15:13,520 :: INFO :: ROS - matrix_rot (from Quaternion)
[[-0.24939148 -0.21629788  0.94393809  0.        ]
 [-0.9683779   0.06268473 -0.24148472  0.        ]
 [-0.00693787 -0.97431301 -0.22509113  0.        ]
 [ 0.          0.          0.          1.        ]]
2016-09-04 00:15:13,522 :: INFO :: ROS - matrix_rot (from Quaternion)
[[-0.29952203 -0.21817265  0.92880959  0.        ]
 [-0.95407997  0.07281684 -0.2905669   0.        ]
 [-0.00423923 -0.97318981 -0.2299644   0.        ]
 [ 0.          0.          0.          1.        ]]
2016-09-04 00:15:13,523 :: INFO :: ROS - matrix_rot (from Quaternion)
[[-0.38615473 -0.09354871  0.91767814  0.        ]
 [-0.92236334  0.02684315 -0.38538983  0.        ]
 [ 0.01141935 -0.99525277 -0.09665151  0.        ]
 [ 0.          0.          0.          1.        ]]
2016-09-04 00:15:13,523 :: INFO :: ROS - matrix_rot (from Quaternion)
[[-0.50277163 -0.06585138  0.86190735  0.        ]
 [-0.86436475  0.0270993  -0.50213465  0.        ]
 [ 0.00970918 -0.99746139 -0.07054437  0.        ]
 [ 0.          0.          0.          1.        ]]
2016-09-04 00:15:13,525 :: INFO :: ROS - matrix_rot (from Quaternion)
[[-0.47490138 -0.12710045  0.87081236  0.        ]
 [-0.87998626  0.05774856 -0.47147565  0.        ]
 [ 0.00963661 -0.99020734 -0.13927152  0.        ]
 [ 0.          0.          0.          1.        ]]
2016-09-04 00:15:13,526 :: INFO :: ROS - matrix_rot (from Quaternion)
[[-0.33378019 -0.2405353   0.91144586  0.        ]
 [-0.94254335  0.09976833 -0.31883901  0.        ]
 [-0.01424139 -0.96549938 -0.26001564  0.        ]
 [ 0.          0.          0.          1.        ]]
2016-09-04 00:15:13,528 :: INFO :: ROS - matrix_rot (from Quaternion)
[[-0.35709677 -0.2132109   0.90940805  0.        ]
 [-0.93404912  0.08759933 -0.34623489  0.        ]
 [-0.00584248 -0.97307115 -0.23043089  0.        ]
 [ 0.          0.          0.          1.        ]]
2016-09-04 00:15:13,529 :: INFO :: ROS - matrix_rot (from Quaternion)
[[-0.41087474 -0.16266947  0.8970622   0.        ]
 [-0.91167139  0.06672444 -0.40546655  0.        ]
 [ 0.00610106 -0.98442191 -0.17571649  0.        ]
 [ 0.          0.          0.          1.        ]]
2016-09-04 00:15:13,530 :: INFO :: ROS - matrix_rot (from Quaternion)
[[-0.41502104 -0.16116307  0.89542392  0.        ]
 [-0.90977249  0.06436214 -0.41008723  0.        ]
 [ 0.00845952 -0.98482688 -0.17333338  0.        ]
 [ 0.          0.          0.          1.        ]]
2016-09-04 00:15:13,532 :: INFO :: ROS - matrix_rot (from Quaternion)
[[-0.3591974  -0.2128971   0.90865398  0.        ]
 [-0.93325436  0.08577669 -0.34882468  0.        ]
 [-0.00367756 -0.97330221 -0.22949791  0.        ]
 [ 0.          0.          0.          1.        ]]
2016-09-04 00:15:13,532 :: INFO :: ROS - matrix_rot (from Quaternion)
[[-0.31975273 -0.24992438  0.91394529  0.        ]
 [-0.9473549   0.10126854 -0.30374886  0.        ]
 [-0.01663966 -0.96295508 -0.26914798  0.        ]
 [ 0.          0.          0.          1.        ]]
2016-09-04 00:15:13,533 :: INFO :: ROS - matrix_rot (from Quaternion)
[[-0.40430973 -0.18310083  0.89610698  0.        ]
 [-0.91461596  0.08453886 -0.39538694  0.        ]
 [-0.00336018 -0.97945253 -0.20164682  0.        ]
 [ 0.          0.          0.          1.        ]]
2016-09-04 00:15:13,535 :: INFO :: ROS - matrix_rot (from Quaternion)
[[-0.4523581  -0.15108068  0.8789464   0.        ]
 [-0.89182886  0.07257962 -0.44651259  0.        ]
 [ 0.00366583 -0.98585335 -0.16757009  0.        ]
 [ 0.          0.          0.          1.        ]]
2016-09-04 00:15:13,536 :: INFO :: ROS - matrix_rot (from Quaternion)
[[-0.4866321  -0.12575046  0.86450912  0.        ]
 [-0.87353189  0.05706493 -0.48341042  0.        ]
 [ 0.01145593 -0.99041931 -0.13761666  0.        ]
 [ 0.          0.          0.          1.        ]]
2016-09-04 00:15:13,538 :: INFO :: ROS - matrix_rot (from Quaternion)
[[-0.53992969 -0.06204874  0.83941997  0.        ]
 [-0.84163369  0.02635903 -0.53940517  0.        ]
 [ 0.01134312 -0.99772499 -0.06645433  0.        ]
 [ 0.          0.          0.          1.        ]]
2016-09-04 00:15:13,539 :: INFO :: ROS - matrix_rot (from Quaternion)
[[-0.53168522 -0.06387987  0.84452957  0.        ]
 [-0.84687368  0.02742928 -0.53108625  0.        ]
 [ 0.01076088 -0.99758057 -0.06868193  0.        ]
 [ 0.          0.          0.          1.        ]]
2016-09-04 00:15:13,539 :: INFO :: ROS - matrix_rot (from Quaternion)
[[-0.50527653 -0.07002774  0.86011147  0.        ]
 [-0.86289971  0.02946634 -0.50451543  0.        ]
 [ 0.00998574 -0.99710975 -0.07531556  0.        ]
 [ 0.          0.          0.          1.        ]]
2016-09-04 00:15:13,540 :: INFO :: ROS - matrix_rot (from Quaternion)
[[ -5.64933395e-01   3.84547082e-03   8.25127549e-01   0.00000000e+00]
 [ -8.25136030e-01  -1.55500165e-03  -5.64931955e-01   0.00000000e+00]
 [ -8.89354651e-04  -9.99991397e-01   4.05150889e-03   0.00000000e+00]
 [  0.00000000e+00   0.00000000e+00   0.00000000e+00   1.00000000e+00]]
2016-09-04 00:15:13,542 :: INFO :: ROS - matrix_rot (from Quaternion)
[[-0.54778325 -0.01858097  0.83641393  0.        ]
 [-0.83661047  0.00732107 -0.54774933  0.        ]
 [ 0.00405427 -0.99980055 -0.01955539  0.        ]
 [ 0.          0.          0.          1.        ]]
2016-09-04 00:15:13,543 :: INFO :: ROS - matrix_rot (from Quaternion)
[[-0.49767261 -0.06808528  0.86468859  0.        ]
 [-0.86729203  0.02613464 -0.49711319  0.        ]
 [ 0.01124777 -0.99733714 -0.07205631  0.        ]
 [ 0.          0.          0.          1.        ]]
2016-09-04 00:15:13,545 :: INFO :: ROS - matrix_rot (from Quaternion)
[[-0.3816908  -0.14335278  0.91310575  0.        ]
 [-0.92427478  0.05351491 -0.37795804  0.        ]
 [ 0.00531656 -0.98822373 -0.15292351  0.        ]
 [ 0.          0.          0.          1.        ]]
2016-09-04 00:15:13,546 :: INFO :: ROS - matrix_rot (from Quaternion)
[[ -3.85967620e-01  -1.38839616e-01   9.12004691e-01   0.00000000e+00]
 [ -9.22511908e-01   5.71452648e-02  -3.81714812e-01   0.00000000e+00]
 [  8.80388544e-04  -9.88664746e-01  -1.50137421e-01   0.00000000e+00]
 [  0.00000000e+00   0.00000000e+00   0.00000000e+00   1.00000000e+00]]
2016-09-04 00:15:13,548 :: INFO :: ROS - matrix_rot (from Quaternion)
[[-0.45720684 -0.09557144  0.88421039  0.        ]
 [-0.88934761  0.04380047 -0.45512894  0.        ]
 [ 0.0047685  -0.99445846 -0.1050221   0.        ]
 [ 0.          0.          0.          1.        ]]
2016-09-04 00:15:13,549 :: INFO :: ROS - matrix_rot (from Quaternion)
[[-0.46540759 -0.09161025  0.88034274  0.        ]
 [-0.885082    0.04248144 -0.46349237  0.        ]
 [ 0.00506243 -0.99488838 -0.10085377  0.        ]
 [ 0.          0.          0.          1.        ]]
2016-09-04 00:15:13,549 :: INFO :: ROS - matrix_rot (from Quaternion)
[[-0.43351359 -0.12653905  0.89221849  0.        ]
 [-0.90114332  0.05803469 -0.42961923  0.        ]
 [ 0.00258399 -0.99026251 -0.13918864  0.        ]
 [ 0.          0.          0.          1.        ]]
2016-09-04 00:15:13,551 :: INFO :: ROS - matrix_rot (from Quaternion)
[[-0.44581643 -0.1386685   0.88431825  0.        ]
 [-0.8951149   0.06450864 -0.44114391  0.        ]
 [ 0.0041266  -0.98823564 -0.15288326  0.        ]
 [ 0.          0.          0.          1.        ]]
2016-09-04 00:15:13,552 :: INFO :: ROS - matrix_rot (from Quaternion)
[[-0.45991438 -0.13758899  0.87723887  0.        ]
 [-0.88796054  0.06881677 -0.45474204  0.        ]
 [ 0.00219876 -0.98809591 -0.15382342  0.        ]
 [ 0.          0.          0.          1.        ]]
2016-09-04 00:15:13,553 :: INFO :: ROS - matrix_rot (from Quaternion)
[[-0.44865944 -0.13047332  0.88412749  0.        ]
 [-0.89369819  0.0623191  -0.44431957  0.        ]
 [ 0.00287382 -0.9894913  -0.14456383  0.        ]
 [ 0.          0.          0.          1.        ]]
2016-09-04 00:15:13,555 :: INFO :: ROS - matrix_rot (from Quaternion)
[[-0.4384233  -0.1255009   0.88996322  0.        ]
 [-0.8987645   0.05822463 -0.43454835  0.        ]
 [ 0.00271843 -0.99038347 -0.13832279  0.        ]
 [ 0.          0.          0.          1.        ]]
2016-09-04 00:15:13,556 :: INFO :: ROS - matrix_rot (from Quaternion)
[[-0.47833699 -0.11195003  0.87101143  0.        ]
 [-0.87815913  0.0547635  -0.47522363  0.        ]
 [ 0.00550167 -0.99220368 -0.12450535  0.        ]
 [ 0.          0.          0.          1.        ]]
2016-09-04 00:15:13,558 :: INFO :: ROS - matrix_rot (from Quaternion)
[[-0.44692913 -0.13473557  0.88436456  0.        ]
 [-0.89455579  0.06186592 -0.44265399  0.        ]
 [ 0.00492921 -0.9889484  -0.14817817  0.        ]
 [ 0.          0.          0.          1.        ]]
2016-09-04 00:15:13,559 :: INFO :: ROS - matrix_rot (from Quaternion)
[[ -4.22811770e-01  -1.30638433e-01   8.96751809e-01   0.00000000e+00]
 [ -9.06217513e-01   6.07717485e-02  -4.18421575e-01   0.00000000e+00]
 [  1.64763386e-04  -9.89565761e-01  -1.44081846e-01   0.00000000e+00]
 [  0.00000000e+00   0.00000000e+00   0.00000000e+00   1.00000000e+00]]
2016-09-04 00:15:13,561 :: INFO :: ROS - matrix_rot (from Quaternion)
[[-0.4189248  -0.13231239  0.89832925  0.        ]
 [-0.90802028  0.06222964 -0.41427847  0.        ]
 [-0.00108853 -0.9892527  -0.14621187  0.        ]
 [ 0.          0.          0.          1.        ]]
2016-09-04 00:15:13,562 :: INFO :: ROS - matrix_rot (from Quaternion)
[[-0.44306896 -0.09345314  0.89160328  0.        ]
 [-0.8964842   0.04347445 -0.4409377   0.        ]
 [ 0.00244505 -0.99467406 -0.10304144  0.        ]
 [ 0.          0.          0.          1.        ]]
2016-09-04 00:15:13,562 :: INFO :: ROS - matrix_rot (from Quaternion)
[[-0.38753398 -0.12989126  0.91265858  0.        ]
 [-0.92185344  0.0566571  -0.38337477  0.        ]
 [-0.00191155 -0.9899082  -0.14169725  0.        ]
 [ 0.          0.          0.          1.        ]]
2016-09-04 00:15:13,565 :: INFO :: ROS - matrix_rot (from Quaternion)
[[-0.26175071 -0.22947782  0.93745746  0.        ]
 [-0.96489397  0.08395032 -0.24886137  0.        ]
 [-0.02159169 -0.96968669 -0.24339582  0.        ]
 [ 0.          0.          0.          1.        ]]
2016-09-04 00:15:13,565 :: INFO :: ROS - matrix_rot (from Quaternion)
[[-0.30183172 -0.21509197  0.92878041  0.        ]
 [-0.95326577  0.08187645 -0.29082749  0.        ]
 [-0.01349059 -0.97315553 -0.22975273  0.        ]
 [ 0.          0.          0.          1.        ]]
2016-09-04 00:15:13,566 :: INFO :: ROS - matrix_rot (from Quaternion)
[[-0.35228953 -0.21801021  0.91014484  0.        ]
 [-0.93576343  0.09811284 -0.3387044   0.        ]
 [-0.01545587 -0.97100227 -0.23857011  0.        ]
 [ 0.          0.          0.          1.        ]]
2016-09-04 00:15:13,568 :: INFO :: ROS - matrix_rot (from Quaternion)
[[-0.45317836 -0.16707568  0.87562268  0.        ]
 [-0.8913622   0.07375954 -0.44725045  0.        ]
 [ 0.01013915 -0.98318119 -0.18235118  0.        ]
 [ 0.          0.          0.          1.        ]]
2016-09-04 00:15:13,569 :: INFO :: ROS - matrix_rot (from Quaternion)
[[-0.47987002 -0.13237281  0.86729592  0.        ]
 [-0.87723897  0.05742245 -0.47660723  0.        ]
 [ 0.01328758 -0.9895353  -0.1436779   0.        ]
 [ 0.          0.          0.          1.        ]]
2016-09-04 00:15:13,571 :: INFO :: ROS - matrix_rot (from Quaternion)
[[-0.56793962 -0.04544714  0.82181454  0.        ]
 [-0.82302925  0.0213961  -0.56759586  0.        ]
 [ 0.00821199 -0.99873759 -0.04955602  0.        ]
 [ 0.          0.          0.          1.        ]]
2016-09-04 00:15:13,572 :: INFO :: ROS - matrix_rot (from Quaternion)
[[-0.54932529 -0.04329396  0.83448629  0.        ]
 [-0.83557794  0.01990499 -0.54901121  0.        ]
 [ 0.00715843 -0.99886407 -0.04710979  0.        ]
 [ 0.          0.          0.          1.        ]]
2016-09-04 00:15:13,572 :: INFO :: ROS - matrix_rot (from Quaternion)
[[-0.55948939 -0.03067283  0.82826977  0.        ]
 [-0.82882082  0.01436162 -0.55932977  0.        ]
 [ 0.00526093 -0.9994263  -0.03345745  0.        ]
 [ 0.          0.          0.          1.        ]]
2016-09-04 00:15:13,575 :: INFO :: ROS - matrix_rot (from Quaternion)
[[-0.47501438 -0.10500166  0.87369102  0.        ]
 [-0.87996585  0.05145441 -0.47224204  0.        ]
 [ 0.00463094 -0.99314002 -0.11683946  0.        ]
 [ 0.          0.          0.          1.        ]]
2016-09-04 00:15:13,575 :: INFO :: ROS - matrix_rot (from Quaternion)
[[-0.44373809 -0.14292936  0.88468509  0.        ]
 [-0.8961539   0.06838508 -0.43844232  0.        ]
 [ 0.00216702 -0.98736755 -0.15843177  0.        ]
 [ 0.          0.          0.          1.        ]]
2016-09-04 00:15:13,576 :: INFO :: ROS - matrix_rot (from Quaternion)
[[-0.38927483 -0.18010924  0.90334144  0.        ]
 [-0.92106318  0.08716151 -0.37953326  0.        ]
 [-0.01037916 -0.97977729 -0.19982177  0.        ]
 [ 0.          0.          0.          1.        ]]
2016-09-04 00:15:13,578 :: INFO :: ROS - matrix_rot (from Quaternion)
[[-0.44913443 -0.13444947  0.88329021  0.        ]
 [-0.89346296  0.06594116 -0.44426986  0.        ]
 [ 0.00148667 -0.98872398 -0.14974207  0.        ]
 [ 0.          0.          0.          1.        ]]
2016-09-04 00:15:13,579 :: INFO :: ROS - matrix_rot (from Quaternion)
[[-0.521228   -0.1095194   0.84636096  0.        ]
 [-0.85337251  0.05670629 -0.51820822  0.        ]
 [ 0.00875986 -0.99236581 -0.12301775  0.        ]
 [ 0.          0.          0.          1.        ]]
2016-09-04 00:15:13,581 :: INFO :: ROS - matrix_rot (from Quaternion)
[[-0.47351056 -0.17012862  0.86420137  0.        ]
 [-0.88078731  0.09281107 -0.46432728  0.        ]
 [-0.00121209 -0.98104147 -0.19379415  0.        ]
 [ 0.          0.          0.          1.        ]]
2016-09-04 00:15:13,582 :: INFO :: ROS - matrix_rot (from Quaternion)
[[ -5.04888323e-01  -1.59149721e-01   8.48386202e-01   0.00000000e+00]
 [ -8.63184671e-01   9.30046631e-02  -4.96248281e-01   0.00000000e+00]
 [  7.39025400e-05  -9.82863927e-01  -1.84332568e-01   0.00000000e+00]
 [  0.00000000e+00   0.00000000e+00   0.00000000e+00   1.00000000e+00]]
2016-09-04 00:15:13,582 :: INFO :: ROS - matrix_rot (from Quaternion)
[[ -5.29807696e-01  -1.35518910e-01   8.37220658e-01   0.00000000e+00]
 [ -8.48117797e-01   8.45516175e-02  -5.23017425e-01   0.00000000e+00]
 [  9.03905030e-05  -9.87160397e-01  -1.59732097e-01   0.00000000e+00]
 [  0.00000000e+00   0.00000000e+00   0.00000000e+00   1.00000000e+00]]
2016-09-04 00:15:13,585 :: INFO :: ROS - matrix_rot (from Quaternion)
[[ -5.75193257e-01  -1.18200001e-01   8.09432812e-01   0.00000000e+00]
 [ -8.18017536e-01   8.29112739e-02  -5.69186289e-01   0.00000000e+00]
 [  1.66714189e-04  -9.89522350e-01  -1.44379679e-01   0.00000000e+00]
 [  0.00000000e+00   0.00000000e+00   0.00000000e+00   1.00000000e+00]]
2016-09-04 00:15:13,585 :: INFO :: ROS - matrix_rot (from Quaternion)
[[-0.58074273 -0.1489094   0.80035234  0.        ]
 [-0.81408064  0.11015559 -0.57020913  0.        ]
 [-0.00325379 -0.98269616 -0.18519632  0.        ]
 [ 0.          0.          0.          1.        ]]
2016-09-04 00:15:13,586 :: INFO :: ROS - matrix_rot (from Quaternion)
[[-0.60511388 -0.14369612  0.78306361  0.        ]
 [-0.79612961  0.10445788 -0.59604211  0.        ]
 [ 0.00385177 -0.98409348 -0.17760965  0.        ]
 [ 0.          0.          0.          1.        ]]
2016-09-04 00:15:13,588 :: INFO :: ROS - matrix_rot (from Quaternion)
[[-0.61031221 -0.12894018  0.78159672  0.        ]
 [-0.79208607  0.0857635  -0.60435443  0.        ]
 [ 0.0108931  -0.98793677 -0.15447423  0.        ]
 [ 0.          0.          0.          1.        ]]
2016-09-04 00:15:13,588 :: INFO :: ROS - matrix_rot (from Quaternion)
[[-0.57787128 -0.17892977  0.79627189  0.        ]
 [-0.81608474  0.11665012 -0.5660375   0.        ]
 [ 0.00839575 -0.97692215 -0.21343061  0.        ]
 [ 0.          0.          0.          1.        ]]
2016-09-04 00:15:13,591 :: INFO :: ROS - matrix_rot (from Quaternion)
[[-0.58208838 -0.17979588  0.79299846  0.        ]
 [-0.8130791   0.11828131 -0.57001044  0.        ]
 [ 0.00868863 -0.97656693 -0.21503845  0.        ]
 [ 0.          0.          0.          1.        ]]
2016-09-04 00:15:13,592 :: INFO :: ROS - matrix_rot (from Quaternion)
[[-0.57851467 -0.17191387  0.79734961  0.        ]
 [-0.81566967  0.11960281 -0.56601957  0.        ]
 [ 0.00194137 -0.97782452 -0.20941691  0.        ]
 [ 0.          0.          0.          1.        ]]
2016-09-04 00:15:13,592 :: INFO :: ROS - matrix_rot (from Quaternion)
[[-0.6235363  -0.15555866  0.76616186  0.        ]
 [-0.78177364  0.11692399 -0.61250204  0.        ]
 [ 0.00569729 -0.9808824  -0.19451801  0.        ]
 [ 0.          0.          0.          1.        ]]
2016-09-04 00:15:13,594 :: INFO :: ROS - matrix_rot (from Quaternion)
[[-0.6399938  -0.15054968  0.75348704  0.        ]
 [-0.76836732  0.11974336 -0.62870756  0.        ]
 [ 0.00442665 -0.98132376 -0.19231246  0.        ]
 [ 0.          0.          0.          1.        ]]
2016-09-04 00:15:13,595 :: INFO :: ROS - matrix_rot (from Quaternion)
[[-0.66063007 -0.15934668  0.73360517  0.        ]
 [-0.75071084  0.13883598 -0.64587754  0.        ]
 [ 0.00106765 -0.97741148 -0.2113425   0.        ]
 [ 0.          0.          0.          1.        ]]
2016-09-04 00:15:13,596 :: INFO :: ROS - matrix_rot (from Quaternion)
[[-0.66066345 -0.16556034  0.73219777  0.        ]
 [-0.75067888  0.14279607 -0.64505077  0.        ]
 [ 0.00223986 -0.97580687 -0.2186228   0.        ]
 [ 0.          0.          0.          1.        ]]
2016-09-04 00:15:13,598 :: INFO :: ROS - matrix_rot (from Quaternion)
[[-0.60481191 -0.19182274  0.77292082  0.        ]
 [-0.79632975  0.15523146 -0.58460424  0.        ]
 [-0.00784124 -0.96907545 -0.24663998  0.        ]
 [ 0.          0.          0.          1.        ]]
2016-09-04 00:15:13,599 :: INFO :: ROS - matrix_rot (from Quaternion)
[[-0.58917916 -0.1966959   0.78369551  0.        ]
 [-0.80793665  0.15579045 -0.56830247  0.        ]
 [-0.01030951 -0.96800829 -0.25070631  0.        ]
 [ 0.          0.          0.          1.        ]]
2016-09-04 00:15:13,601 :: INFO :: ROS - matrix_rot (from Quaternion)
[[-0.63069308 -0.16235672  0.7588587   0.        ]
 [-0.77602847  0.13504614 -0.61607008  0.        ]
 [-0.00245782 -0.9774471  -0.2111661   0.        ]
 [ 0.          0.          0.          1.        ]]
2016-09-04 00:15:13,601 :: INFO :: ROS - matrix_rot (from Quaternion)
[[-0.69544782 -0.08996509  0.71292258  0.        ]
 [-0.71855026  0.07857272 -0.69102232  0.        ]
 [ 0.00615162 -0.99284068 -0.11928766  0.        ]
 [ 0.          0.          0.          1.        ]]
2016-09-04 00:15:13,602 :: INFO :: ROS - matrix_rot (from Quaternion)
[[-0.74775662 -0.13508424  0.65008636  0.        ]
 [-0.66397165  0.15403881 -0.73171968  0.        ]
 [-0.00129473 -0.97878715 -0.20487564  0.        ]
 [ 0.          0.          0.          1.        ]]
2016-09-04 00:15:13,604 :: INFO :: ROS - matrix_rot (from Quaternion)
[[-0.74769677 -0.13477861  0.65021863  0.        ]
 [-0.66403737  0.15467374 -0.73152608  0.        ]
 [-0.00197768 -0.97872915 -0.20514709  0.        ]
 [ 0.          0.          0.          1.        ]]
2016-09-04 00:15:13,605 :: INFO :: ROS - matrix_rot (from Quaternion)
[[-0.7779243  -0.11781798  0.61721367  0.        ]
 [-0.62835552  0.14309624 -0.76465208  0.        ]
 [ 0.00176881 -0.98267105 -0.18534962  0.        ]
 [ 0.          0.          0.          1.        ]]
2016-09-04 00:15:13,607 :: INFO :: ROS - matrix_rot (from Quaternion)
[[-0.7888705  -0.11621339  0.60347145  0.        ]
 [-0.61453795  0.14095225 -0.776193    0.        ]
 [ 0.00514336 -0.98317186 -0.18261061  0.        ]
 [ 0.          0.          0.          1.        ]]
2016-09-04 00:15:13,608 :: INFO :: ROS - matrix_rot (from Quaternion)
[[-0.7601471  -0.12423736  0.63776285  0.        ]
 [-0.6497393   0.13945049 -0.74725658  0.        ]
 [ 0.00390084 -0.98240452 -0.18672479  0.        ]
 [ 0.          0.          0.          1.        ]]
2016-09-04 00:15:13,608 :: INFO :: ROS - matrix_rot (from Quaternion)
[[-0.72443056 -0.13170756  0.67664872  0.        ]
 [-0.68934659  0.14023823 -0.71072816  0.        ]
 [-0.00128374 -0.98131868 -0.19238502  0.        ]
 [ 0.          0.          0.          1.        ]]
2016-09-04 00:15:13,611 :: INFO :: ROS - matrix_rot (from Quaternion)
[[-0.75027712 -0.13072585  0.64807021  0.        ]
 [-0.66112257  0.14996966 -0.73513675  0.        ]
 [-0.0010895  -0.98001013 -0.19894461  0.        ]
 [ 0.          0.          0.          1.        ]]
2016-09-04 00:15:13,611 :: INFO :: ROS - matrix_rot (from Quaternion)
[[-0.78864032 -0.10692619  0.60548595  0.        ]
 [-0.61484464  0.13147959 -0.7776112   0.        ]
 [ 0.00353796 -0.98553534 -0.1694331   0.        ]
 [ 0.          0.          0.          1.        ]]
2016-09-04 00:15:13,612 :: INFO :: ROS - matrix_rot (from Quaternion)
[[ -7.90215541e-01  -1.04442519e-01   6.03863527e-01   0.00000000e+00]
 [ -6.12828756e-01   1.33771453e-01  -7.78810705e-01   0.00000000e+00]
 [  5.61250619e-04  -9.85493257e-01  -1.69713660e-01   0.00000000e+00]
 [  0.00000000e+00   0.00000000e+00   0.00000000e+00   1.00000000e+00]]
2016-09-04 00:15:13,614 :: INFO :: ROS - matrix_rot (from Quaternion)
[[-0.8202183  -0.09277373  0.56447761  0.        ]
 [-0.57204472  0.12853254 -0.81008902  0.        ]
 [ 0.00260124 -0.98735628 -0.15849546  0.        ]
 [ 0.          0.          0.          1.        ]]
2016-09-04 00:15:13,615 :: INFO :: ROS - matrix_rot (from Quaternion)
[[-0.83704699 -0.07898704  0.54139947  0.        ]
 [-0.5471118   0.11254392 -0.82945919  0.        ]
 [ 0.00458531 -0.99050235 -0.13741929  0.        ]
 [ 0.          0.          0.          1.        ]]
2016-09-04 00:15:13,617 :: INFO :: ROS - matrix_rot (from Quaternion)
[[-0.86234856 -0.05993554  0.5027551   0.        ]
 [-0.50625923  0.08732247 -0.85794894  0.        ]
 [ 0.00751982 -0.99437544 -0.10564533  0.        ]
 [ 0.          0.          0.          1.        ]]
2016-09-04 00:15:13,618 :: INFO :: ROS - matrix_rot (from Quaternion)
[[-0.8566772  -0.06517502  0.51171906  0.        ]
 [-0.51579069  0.09282169 -0.85167136  0.        ]
 [ 0.00800907 -0.99354736 -0.1131349   0.        ]
 [ 0.          0.          0.          1.        ]]
2016-09-04 00:15:13,618 :: INFO :: ROS - matrix_rot (from Quaternion)
[[-0.8557927  -0.06184689  0.51360862  0.        ]
 [-0.51726475  0.08793583 -0.85129576  0.        ]
 [ 0.0074854  -0.99420433 -0.10724606  0.        ]
 [ 0.          0.          0.          1.        ]]
2016-09-04 00:15:13,621 :: INFO :: ROS - matrix_rot (from Quaternion)
[[-0.86685223 -0.06275611  0.49459972  0.        ]
 [-0.49850337  0.09348254 -0.86183259  0.        ]
 [ 0.00784882 -0.99364112 -0.11231968  0.        ]
 [ 0.          0.          0.          1.        ]]
2016-09-04 00:15:13,621 :: INFO :: ROS - matrix_rot (from Quaternion)
[[-0.87027583 -0.06143234  0.48871878  0.        ]
 [-0.4925172   0.09475175 -0.86512942  0.        ]
 [ 0.00683996 -0.99360363 -0.11271664  0.        ]
 [ 0.          0.          0.          1.        ]]
2016-09-04 00:15:13,622 :: INFO :: ROS - matrix_rot (from Quaternion)
[[-0.86991245 -0.06525107  0.48887077  0.        ]
 [-0.49315916  0.10139165 -0.86401029  0.        ]
 [ 0.00681018 -0.9927044  -0.12038102  0.        ]
 [ 0.          0.          0.          1.        ]]
2016-09-04 00:15:13,624 :: INFO :: ROS - matrix_rot (from Quaternion)
[[-0.8698784  -0.04090287  0.49156741  0.        ]
 [-0.4932149   0.05775026 -0.86798846  0.        ]
 [ 0.00711507 -0.99749279 -0.07040961  0.        ]
 [ 0.          0.          0.          1.        ]]
2016-09-04 00:15:13,625 :: INFO :: ROS - matrix_rot (from Quaternion)
[[-0.87048606 -0.04581912  0.49005573  0.        ]
 [-0.49212826  0.06486797 -0.86810248  0.        ]
 [ 0.00798677 -0.99684139 -0.07901555  0.        ]
 [ 0.          0.          0.          1.        ]]
2016-09-04 00:15:13,627 :: INFO :: ROS - matrix_rot (from Quaternion)
[[-0.87574361 -0.04728692  0.48045507  0.        ]
 [-0.48270457  0.06858919 -0.87309325  0.        ]
 [ 0.00833187 -0.99652369 -0.08289215  0.        ]
 [ 0.          0.          0.          1.        ]]
2016-09-04 00:15:13,628 :: INFO :: ROS - matrix_rot (from Quaternion)
[[-0.89769525 -0.0398797   0.43880845  0.        ]
 [-0.44055923  0.06512812 -0.89535797  0.        ]
 [ 0.00712784 -0.9970797  -0.07603457  0.        ]
 [ 0.          0.          0.          1.        ]]
2016-09-04 00:15:13,628 :: INFO :: ROS - matrix_rot (from Quaternion)
[[-0.91542122 -0.02484195  0.40172984  0.        ]
 [-0.40246675  0.04421965 -0.91436598  0.        ]
 [ 0.00495028 -0.99871292 -0.05047767  0.        ]
 [ 0.          0.          0.          1.        ]]
2016-09-04 00:15:13,631 :: INFO :: ROS - matrix_rot (from Quaternion)
[[-0.90966661 -0.02982065  0.4142673   0.        ]
 [-0.41530873  0.05322304 -0.90812222  0.        ]
 [ 0.00503223 -0.99813728 -0.0608      0.        ]
 [ 0.          0.          0.          1.        ]]
2016-09-04 00:15:13,631 :: INFO :: ROS - matrix_rot (from Quaternion)
[[-0.91093508 -0.0241173   0.4118442   0.        ]
 [-0.41252539  0.04240445 -0.90995861  0.        ]
 [ 0.00448171 -0.9988094  -0.0485767   0.        ]
 [ 0.          0.          0.          1.        ]]
2016-09-04 00:15:13,632 :: INFO :: ROS - matrix_rot (from Quaternion)
[[-0.89720438 -0.03426445  0.44028427  0.        ]
 [-0.4415897   0.05882189 -0.89528684  0.        ]
 [ 0.00477816 -0.99768028 -0.06790609  0.        ]
 [ 0.          0.          0.          1.        ]]
2016-09-04 00:15:13,634 :: INFO :: ROS - matrix_rot (from Quaternion)
[[-0.88194258 -0.04075183  0.46959193  0.        ]
 [-0.4713427   0.06852653 -0.8792839   0.        ]
 [ 0.00365293 -0.99681663 -0.07964455  0.        ]
 [ 0.          0.          0.          1.        ]]
2016-09-04 00:15:13,635 :: INFO :: ROS - matrix_rot (from Quaternion)
[[-0.87316745 -0.04863482  0.48498789  0.        ]
 [-0.48740507  0.07924246 -0.86957285  0.        ]
 [ 0.00385989 -0.99566826 -0.09289679  0.        ]
 [ 0.          0.          0.          1.        ]]
2016-09-04 00:15:13,637 :: INFO :: ROS - matrix_rot (from Quaternion)
[[-0.88233349 -0.04571019  0.46839961  0.        ]
 [-0.47061162  0.07827351 -0.87886174  0.        ]
 [ 0.00350965 -0.99588344 -0.09057509  0.        ]
 [ 0.          0.          0.          1.        ]]
2016-09-04 00:15:13,638 :: INFO :: ROS - matrix_rot (from Quaternion)
[[-0.89168673 -0.04076982  0.45081326  0.        ]
 [-0.45264039  0.07286469 -0.8887111   0.        ]
 [ 0.00338423 -0.99650818 -0.08342654  0.        ]
 [ 0.          0.          0.          1.        ]]
2016-09-04 00:15:13,640 :: INFO :: ROS - matrix_rot (from Quaternion)
[[-0.89425722 -0.03981677  0.4457787   0.        ]
 [-0.44753161  0.06973061 -0.89154534  0.        ]
 [ 0.00441403 -0.99677092 -0.08017636  0.        ]
 [ 0.          0.          0.          1.        ]]
2016-09-04 00:15:13,641 :: INFO :: ROS - matrix_rot (from Quaternion)
[[-0.89322868 -0.04725232  0.44711268  0.        ]
 [-0.44958676  0.08551542 -0.88913377  0.        ]
 [ 0.00377861 -0.99521572 -0.09762884  0.        ]
 [ 0.          0.          0.          1.        ]]
2016-09-04 00:15:13,641 :: INFO :: ROS - matrix_rot (from Quaternion)
[[-0.90568447 -0.04185476  0.42188128  0.        ]
 [-0.42394443  0.08331187 -0.90184824  0.        ]
 [ 0.00259892 -0.99564417 -0.09319836  0.        ]
 [ 0.          0.          0.          1.        ]]
2016-09-04 00:15:13,642 :: INFO :: ROS - matrix_rot (from Quaternion)
[[-0.92932278 -0.02014897  0.3687183   0.        ]
 [-0.36925328  0.04166281 -0.92839443  0.        ]
 [ 0.00334435 -0.99892854 -0.04615827  0.        ]
 [ 0.          0.          0.          1.        ]]
2016-09-04 00:15:13,644 :: INFO :: ROS - matrix_rot (from Quaternion)
[[-0.92139792 -0.03139232  0.38735049  0.        ]
 [-0.38859183  0.06231978 -0.91930008  0.        ]
 [ 0.00471936 -0.99756241 -0.06962012  0.        ]
 [ 0.          0.          0.          1.        ]]
2016-09-04 00:15:13,645 :: INFO :: ROS - matrix_rot (from Quaternion)
[[-0.90496166 -0.03728071  0.42385675  0.        ]
 [-0.4254835   0.07258946 -0.9020502   0.        ]
 [ 0.00286154 -0.9966649  -0.081553    0.        ]
 [ 0.          0.          0.          1.        ]]
2016-09-04 00:15:13,647 :: INFO :: ROS - matrix_rot (from Quaternion)
[[-0.93134905 -0.02305798  0.36339685  0.        ]
 [-0.36410853  0.04874758 -0.93007992  0.        ]
 [ 0.00373105 -0.99854494 -0.05379662  0.        ]
 [ 0.          0.          0.          1.        ]]
2016-09-04 00:15:13,648 :: INFO :: ROS - matrix_rot (from Quaternion)
[[-0.94762478 -0.01671083  0.31894831  0.        ]
 [-0.31937096  0.03995846 -0.94678694  0.        ]
 [ 0.00307691 -0.99906159 -0.04320258  0.        ]
 [ 0.          0.          0.          1.        ]]
2016-09-04 00:15:13,650 :: INFO :: ROS - matrix_rot (from Quaternion)
[[-0.95418603 -0.02386763  0.29826055  0.        ]
 [-0.29918921  0.06327502 -0.95209353  0.        ]
 [ 0.00385177 -0.99771068 -0.06751708  0.        ]
 [ 0.          0.          0.          1.        ]]
2016-09-04 00:15:13,651 :: INFO :: ROS - matrix_rot (from Quaternion)
[[-0.96108106 -0.02280485  0.27532368  0.        ]
 [-0.27622942  0.06299157 -0.95902522  0.        ]
 [ 0.00452736 -0.99775348 -0.06683937  0.        ]
 [ 0.          0.          0.          1.        ]]
2016-09-04 00:15:13,651 :: INFO :: ROS - matrix_rot (from Quaternion)
[[-0.96305422 -0.01614213  0.26882338  0.        ]
 [-0.26927993  0.04341258 -0.96208298  0.        ]
 [ 0.00385975 -0.99892681 -0.04615542  0.        ]
 [ 0.          0.          0.          1.        ]]
2016-09-04 00:15:13,653 :: INFO :: ROS - matrix_rot (from Quaternion)
[[-0.96278986 -0.01795298  0.26965417  0.        ]
 [-0.2702146   0.04754286 -0.96162557  0.        ]
 [ 0.00444392 -0.99870785 -0.05062494  0.        ]
 [ 0.          0.          0.          1.        ]]
2016-09-04 00:15:13,654 :: INFO :: ROS - matrix_rot (from Quaternion)
[[-0.9562002  -0.01903738  0.29209374  0.        ]
 [-0.29268589  0.04848479 -0.95497864  0.        ]
 [ 0.00401818 -0.99864248 -0.05193314  0.        ]
 [ 0.          0.          0.          1.        ]]
2016-09-04 00:15:13,655 :: INFO :: ROS - matrix_rot (from Quaternion)
[[-0.95482414 -0.01582216  0.29674992  0.        ]
 [-0.29715596  0.04064939 -0.95396329  0.        ]
 [ 0.00303106 -0.99904819 -0.04351466  0.        ]
 [ 0.          0.          0.          1.        ]]
2016-09-04 00:15:13,657 :: INFO :: ROS - matrix_rot (from Quaternion)
[[-0.95498237 -0.01918346  0.29604167  0.        ]
 [-0.29664621  0.05127407 -0.95360998  0.        ]
 [ 0.00311427 -0.99850036 -0.05465653  0.        ]
 [ 0.          0.          0.          1.        ]]
2016-09-04 00:15:13,657 :: INFO :: ROS - matrix_rot (from Quaternion)
[[-0.96778986 -0.0154973   0.25128195  0.        ]
 [-0.25174081  0.04744907 -0.96663082  0.        ]
 [ 0.00305707 -0.99875343 -0.04982203  0.        ]
 [ 0.          0.          0.          1.        ]]
2016-09-04 00:15:13,660 :: INFO :: ROS - matrix_rot (from Quaternion)
[[-0.97944426 -0.01452555  0.20119134  0.        ]
 [-0.20167791  0.05138748 -0.97810293  0.        ]
 [ 0.00386877 -0.99857315 -0.05326066  0.        ]
 [ 0.          0.          0.          1.        ]]
2016-09-04 00:15:13,661 :: INFO :: ROS - matrix_rot (from Quaternion)
[[-0.98190465 -0.01244775  0.18896642  0.        ]
 [-0.18932283  0.04088977 -0.98106314  0.        ]
 [ 0.00448523 -0.99908612 -0.0425065   0.        ]
 [ 0.          0.          0.          1.        ]]
2016-09-04 00:15:13,663 :: INFO :: ROS - matrix_rot (from Quaternion)
[[-0.98396927 -0.00895227  0.17811325  0.        ]
 [-0.17830675  0.03066236 -0.98349709  0.        ]
 [ 0.00334316 -0.99948971 -0.03176707  0.        ]
 [ 0.          0.          0.          1.        ]]
2016-09-04 00:15:13,664 :: INFO :: ROS - matrix_rot (from Quaternion)
[[-0.98155336 -0.00927733  0.19096319  0.        ]
 [-0.19116053  0.03056492 -0.98108279  0.        ]
 [ 0.00326505 -0.99948973 -0.03177456  0.        ]
 [ 0.          0.          0.          1.        ]]
2016-09-04 00:15:13,664 :: INFO :: ROS - matrix_rot (from Quaternion)
[[-0.98576456 -0.00650271  0.16800578  0.        ]
 [-0.16811553  0.02431592 -0.98546735  0.        ]
 [ 0.002323   -0.99968318 -0.02506297  0.        ]
 [ 0.          0.          0.          1.        ]]
2016-09-04 00:15:13,665 :: INFO :: ROS - matrix_rot (from Quaternion)
[[-0.98005981 -0.01603073  0.198055    0.        ]
 [-0.19866435  0.05946917 -0.97826167  0.        ]
 [ 0.00390408 -0.99810141 -0.06146808  0.        ]
 [ 0.          0.          0.          1.        ]]
2016-09-04 00:15:13,667 :: INFO :: ROS - matrix_rot (from Quaternion)
[[-0.97426002 -0.02142674  0.22440655  0.        ]
 [-0.22540585  0.07890814 -0.97106421  0.        ]
 [ 0.00309923 -0.99665159 -0.08170676  0.        ]
 [ 0.          0.          0.          1.        ]]
2016-09-04 00:15:13,668 :: INFO :: ROS - matrix_rot (from Quaternion)
[[-0.97535392 -0.01890513  0.21983478  0.        ]
 [-0.22063654  0.07425034 -0.97252579  0.        ]
 [ 0.00206291 -0.99706042 -0.07659152  0.        ]
 [ 0.          0.          0.          1.        ]]
2016-09-04 00:15:13,670 :: INFO :: ROS - matrix_rot (from Quaternion)
[[-0.97700988 -0.01890984  0.21235376  0.        ]
 [-0.21318129  0.07575938 -0.97407097  0.        ]
 [ 0.00233174 -0.99694681 -0.07804889  0.        ]
 [ 0.          0.          0.          1.        ]]
2016-09-04 00:15:13,671 :: INFO :: ROS - matrix_rot (from Quaternion)
[[-0.97564821 -0.02008226  0.21841995  0.        ]
 [-0.21932872  0.07869112 -0.97247243  0.        ]
 [ 0.00234173 -0.99669675 -0.08117947  0.        ]
 [ 0.          0.          0.          1.        ]]
2016-09-04 00:15:13,673 :: INFO :: ROS - matrix_rot (from Quaternion)
[[-0.98166944 -0.0213858   0.18938783  0.        ]
 [-0.1905094   0.08094787 -0.97834228  0.        ]
 [ 0.00559209 -0.99648888 -0.08353824  0.        ]
 [ 0.          0.          0.          1.        ]]
2016-09-04 00:15:13,686 :: INFO :: Export file: export/OriExport_Ori-RTL-Init_view_dir
